D:\USERS\SUUSER\DOCUMENTS\DERS\JUNIOR\CS404\PROJECT\CS404_PROJECT\TILE_SYSTEM\TILE_SYSTEM\RELEASE\PERCEPT.OBJ
D:\USERS\SUUSER\DOCUMENTS\DERS\JUNIOR\CS404\PROJECT\CS404_PROJECT\TILE_SYSTEM\TILE_SYSTEM\RELEASE\MAIN.OBJ
D:\USERS\SUUSER\DOCUMENTS\DERS\JUNIOR\CS404\PROJECT\CS404_PROJECT\TILE_SYSTEM\TILE_SYSTEM\RELEASE\AGENT.OBJ
D:\USERS\SUUSER\DOCUMENTS\DERS\JUNIOR\CS404\PROJECT\CS404_PROJECT\TILE_SYSTEM\TILE_SYSTEM\RELEASE\VC110.PDB
D:\USERS\SUUSER\DOCUMENTS\DERS\JUNIOR\CS404\PROJECT\CS404_PROJECT\TILE_SYSTEM\RELEASE\TILE_SYSTEM.EXE
D:\USERS\SUUSER\DOCUMENTS\DERS\JUNIOR\CS404\PROJECT\CS404_PROJECT\TILE_SYSTEM\RELEASE\TILE_SYSTEM.PDB
D:\Users\SUUSER\Documents\Ders\Junior\CS404\Project\CS404_project\Tile_System\Tile_System\Release\Agent.obj
D:\Users\SUUSER\Documents\Ders\Junior\CS404\Project\CS404_project\Tile_System\Tile_System\Release\Main.obj
D:\Users\SUUSER\Documents\Ders\Junior\CS404\Project\CS404_project\Tile_System\Tile_System\Release\Percept.obj
D:\Users\SUUSER\Documents\Ders\Junior\CS404\Project\CS404_project\Tile_System\Tile_System\Release\cl.command.1.tlog
D:\Users\SUUSER\Documents\Ders\Junior\CS404\Project\CS404_project\Tile_System\Tile_System\Release\CL.read.1.tlog
D:\Users\SUUSER\Documents\Ders\Junior\CS404\Project\CS404_project\Tile_System\Tile_System\Release\CL.write.1.tlog
D:\Users\SUUSER\Documents\Ders\Junior\CS404\Project\CS404_project\Tile_System\Tile_System\Release\link-cvtres.read.1.tlog
D:\Users\SUUSER\Documents\Ders\Junior\CS404\Project\CS404_project\Tile_System\Tile_System\Release\link-cvtres.write.1.tlog
D:\Users\SUUSER\Documents\Ders\Junior\CS404\Project\CS404_project\Tile_System\Tile_System\Release\link-rc.read.1.tlog
D:\Users\SUUSER\Documents\Ders\Junior\CS404\Project\CS404_project\Tile_System\Tile_System\Release\link-rc.write.1.tlog
D:\Users\SUUSER\Documents\Ders\Junior\CS404\Project\CS404_project\Tile_System\Tile_System\Release\link.command.1.tlog
D:\Users\SUUSER\Documents\Ders\Junior\CS404\Project\CS404_project\Tile_System\Tile_System\Release\link.read.1.tlog
D:\Users\SUUSER\Documents\Ders\Junior\CS404\Project\CS404_project\Tile_System\Tile_System\Release\link.write.1.tlog
D:\Users\SUUSER\Documents\Ders\Junior\CS404\Project\CS404_project\Tile_System\Tile_System\Release\vc110.pdb
D:\Users\SUUSER\Documents\Ders\Junior\CS404\Project\CS404_project\Tile_System\Release\Tile_System.pdb
D:\Users\SUUSER\Documents\Ders\Junior\CS404\Project\CS404_project\Tile_System\Release\Tile_System.exe
