C:\USERS\ATAKAN\DOCUMENTS\VISUAL STUDIO 2012\PROJECTS\WUMPUS\WUMPUS\DEBUG\AGENT.OBJ
C:\USERS\ATAKAN\DOCUMENTS\VISUAL STUDIO 2012\PROJECTS\WUMPUS\WUMPUS\DEBUG\MAP.OBJ
C:\USERS\ATAKAN\DOCUMENTS\VISUAL STUDIO 2012\PROJECTS\WUMPUS\WUMPUS\DEBUG\SOURCE.OBJ
C:\USERS\ATAKAN\DOCUMENTS\VISUAL STUDIO 2012\PROJECTS\WUMPUS\WUMPUS\DEBUG\VC110.PDB
C:\Users\atakan\documents\visual studio 2012\Projects\wumpus\wumpus\Debug\Agent.obj
C:\Users\atakan\documents\visual studio 2012\Projects\wumpus\wumpus\Debug\Map.obj
C:\Users\atakan\documents\visual studio 2012\Projects\wumpus\wumpus\Debug\Source.obj
C:\Users\atakan\documents\visual studio 2012\Projects\wumpus\wumpus\Debug\cl.command.1.tlog
C:\Users\atakan\documents\visual studio 2012\Projects\wumpus\wumpus\Debug\CL.read.1.tlog
C:\Users\atakan\documents\visual studio 2012\Projects\wumpus\wumpus\Debug\CL.write.1.tlog
C:\Users\atakan\documents\visual studio 2012\Projects\wumpus\wumpus\Debug\link-cvtres.read.1.tlog
C:\Users\atakan\documents\visual studio 2012\Projects\wumpus\wumpus\Debug\link-cvtres.write.1.tlog
C:\Users\atakan\documents\visual studio 2012\Projects\wumpus\wumpus\Debug\link-rc.read.1.tlog
C:\Users\atakan\documents\visual studio 2012\Projects\wumpus\wumpus\Debug\link-rc.write.1.tlog
C:\Users\atakan\documents\visual studio 2012\Projects\wumpus\wumpus\Debug\link.command.1.tlog
C:\Users\atakan\documents\visual studio 2012\Projects\wumpus\wumpus\Debug\link.read.1.tlog
C:\Users\atakan\documents\visual studio 2012\Projects\wumpus\wumpus\Debug\link.write.1.tlog
C:\Users\atakan\documents\visual studio 2012\Projects\wumpus\wumpus\Debug\vc110.idb
C:\Users\atakan\documents\visual studio 2012\Projects\wumpus\wumpus\Debug\vc110.pdb
C:\Users\atakan\documents\visual studio 2012\Projects\wumpus\Debug\wumpus.pdb
